<?xml version="1.0" encoding="UTF-8"?>
<!-- Generated by org.testng.reporters.JUnitXMLReporter -->
<testsuite ignored="0" hostname="DESKTOP-1R35F3T" failures="0" tests="18" name="First Test suit" time="0.227" errors="0" timestamp="2022-12-29T11:13:54 IST">
  <testcase classname="TestNgBasics.IntroductionTestNG" name="tp" time="0.018"/>
  <testcase classname="TestNgBasics.TestClass1" name="HomeElement" time="0.002"/>
  <testcase classname="TestNgBasics.TestClass1" name="ProfileCheck" time="0.003"/>
  <testcase classname="TestNgBasics.TestClass1" name="NotificationCheck" time="0.002"/>
  <testcase classname="TestNgBasics.TestClass2" name="ProfileCheck" time="0.003"/>
  <testcase classname="TestNgBasics.TestClass2" name="ProfileCheck" time="0.002"/>
  <testcase classname="TestNgBasics.TestClass2" name="ProfileCheck" time="0.007"/>
  <testcase classname="TestNgBasics.TestClass2" name="ProfileCheck" time="0.002"/>
  <testcase classname="TestNgBasics.TestClass2" name="ProfileCheck" time="0.002"/>
  <testcase classname="TestNgBasics.TestClass2" name="ProfileCheck" time="0.004"/>
  <testcase classname="TestNgBasics.TestClass2" name="HomeElement" time="0.002"/>
  <testcase classname="TestNgBasics.TestClass2" name="NotificationCheck" time="0.003"/>
  <testcase classname="TestNgBasics.TestClass3" name="m1" time="0.002"/>
  <testcase classname="TestNgBasics.TestClass3" name="m2" time="0.003"/>
  <testcase classname="TestNgBasics.TestClass3" name="m3" time="0.002"/>
  <testcase classname="TestNgBasics.TestClass4" name="m4" time="0.003"/>
  <testcase classname="TestNgBasics.TestClass4" name="m5" time="0.002"/>
  <testcase classname="TestNgBasics.TestClass4" name="m6" time="0.002"/>
</testsuite> <!-- First Test suit -->
