<?xml version="1.0" encoding="UTF-8"?>
<!-- Generated by org.testng.reporters.JUnitXMLReporter -->
<testsuite ignored="3" hostname="DESKTOP-1R35F3T" failures="0" tests="6" name=" Function Test" time="0.16" errors="0" timestamp="2022-12-31T16:19:59 IST">
  <testcase classname="GroupingInTestNG.TestClass3" name="Test8" time="0.014"/>
  <testcase classname="GroupingInTestNG.TestClass3" name="Test9" time="0.004"/>
  <testcase classname="GroupingInTestNG.TestClass1" name="Test2" time="0.002"/>
  <testcase classname="GroupingInTestNG.TestClass1" name="Test3" time="0.004"/>
  <testcase classname="GroupingInTestNG.TestClass2" name="Test5" time="0.004"/>
  <testcase classname="GroupingInTestNG.TestClass2" name="Test6" time="0.002"/>
  <testcase classname="GroupingInTestNG.TestClass2" name="Test4" time="0.0">
    <ignored/>
  </testcase> <!-- Test4 -->
  <testcase classname="GroupingInTestNG.TestClass1" name="Test1" time="0.0">
    <ignored/>
  </testcase> <!-- Test1 -->
  <testcase classname="GroupingInTestNG.TestClass3" name="Test7" time="0.0">
    <ignored/>
  </testcase> <!-- Test7 -->
</testsuite> <!--  Function Test -->
