<?xml version="1.0" encoding="UTF-8"?>
<!-- Generated by org.testng.reporters.JUnitXMLReporter -->
<testsuite ignored="6" hostname="DESKTOP-1R35F3T" failures="0" tests="3" name=" Smoke Test" time="0.14" errors="0" timestamp="2022-12-31T16:17:26 IST">
  <testcase classname="GroupingInTestNG.TestClass3" name="Test7" time="0.019"/>
  <testcase classname="GroupingInTestNG.TestClass1" name="Test1" time="0.003"/>
  <testcase classname="GroupingInTestNG.TestClass2" name="Test4" time="0.004"/>
  <testcase classname="GroupingInTestNG.TestClass2" name="Test5" time="0.0">
    <ignored/>
  </testcase> <!-- Test5 -->
  <testcase classname="GroupingInTestNG.TestClass2" name="Test6" time="0.0">
    <ignored/>
  </testcase> <!-- Test6 -->
  <testcase classname="GroupingInTestNG.TestClass1" name="Test3" time="0.0">
    <ignored/>
  </testcase> <!-- Test3 -->
  <testcase classname="GroupingInTestNG.TestClass1" name="Test2" time="0.0">
    <ignored/>
  </testcase> <!-- Test2 -->
  <testcase classname="GroupingInTestNG.TestClass3" name="Test9" time="0.0">
    <ignored/>
  </testcase> <!-- Test9 -->
  <testcase classname="GroupingInTestNG.TestClass3" name="Test8" time="0.0">
    <ignored/>
  </testcase> <!-- Test8 -->
</testsuite> <!--  Smoke Test -->
